{"message":"note with id 4 has been created.","level":"info"}
{"message":"note with id 5 has been created.","level":"info"}
{"message":"note with id 4 has been created.","level":"info"}
{"message":"note with id 4 has been created.","level":"info"}
{"message":"note with id 5 has been created.","level":"info"}
{"message":"note with id 6 has been created.","level":"info"}
{"message":"note with id 7 has been created.","level":"info"}
{"message":"note with id 8 has been created.","level":"info"}
{"message":"note with id 9 has been created.","level":"info"}
{"message":"note with id 10 has been created.","level":"info"}
{"message":"note with id 11 has been created.","level":"info"}
{"message":"note with id 12 has been created.","level":"info"}
{"message":"note with id 13 has been created.","level":"info"}
{"message":"note with id 14 has been created.","level":"info"}
{"message":"note with id 15 has been created.","level":"info"}
{"message":"note with id 16 has been created.","level":"info"}
{"message":"note with id 17 has been created.","level":"info"}
{"message":"note with id 18 has been created.","level":"info"}
{"message":"note with id 19 has been created.","level":"info"}
{"message":"note with id 20 has been created.","level":"info"}
{"message":"recipe with id 20 deleted","level":"info"}
{"message":"recipe with id 20 not found","level":"error"}
{"message":"recipe with id 20 not found","level":"error"}
{"message":"recipe with id 19 deleted","level":"info"}
{"message":"recipe with id 18 deleted","level":"info"}
{"message":"recipe with id 18 not found","level":"error"}
{"message":"recipe with id 17 deleted","level":"info"}
{"message":"recipe with id 123456 not found","level":"error"}
{"message":"note with id 1 has been created.","level":"info"}
{"message":"Title, instructions, ingredients and source are required","level":"error"}
{"message":"Title, instructions, ingredients and source are required","level":"error"}
{"message":"Title, instructions, ingredients and source are required","level":"error"}
{"message":"Title, instructions, ingredients and source are required","level":"error"}
{"message":"recipe with id 123456 not found","level":"error"}
{"message":"recipe with id 5 not found","level":"error"}
{"message":"recipe with id 123456 not found","level":"error"}
{"message":"recipe with id 4 not found","level":"error"}
{"message":"recipe with id 123456 not found","level":"error"}
{"message":"Title, instructions, ingredients and source are required","level":"error"}
{"message":"Title, instructions, ingredients and source are required","level":"error"}
{"message":"Title, instructions, ingredients and source are required","level":"error"}
{"message":"Title, instructions, ingredients and source are required","level":"error"}
{"message":"Title, instructions, ingredients and source are required","level":"error"}
{"message":"Title, instructions, ingredients and source are required","level":"error"}
{"message":"recipe with id 123456 not found","level":"error"}
{"message":"recipe with id 2 deleted","level":"info"}
{"message":"recipe with id 123456 not found","level":"error"}
{"message":"recipe with id 123456 not found","level":"error"}
{"message":"Title, instructions, ingredients and source are required","level":"error"}
{"message":"Title, instructions, ingredients and source are required","level":"error"}
{"message":"Title, instructions, ingredients and source are required","level":"error"}
{"message":"Title, instructions, ingredients and source are required","level":"error"}
{"message":"Title, instructions, ingredients and source are required","level":"error"}
{"message":"Title, instructions, ingredients and source are required","level":"error"}
{"message":"recipe with id 123456 not found","level":"error"}
{"message":"recipe with id 2 deleted","level":"info"}
{"message":"recipe with id 123456 not found","level":"error"}
{"message":"recipe with id 123456 not found","level":"error"}
{"message":"Title, instructions, ingredients and source are required","level":"error"}
{"message":"Title, instructions, ingredients and source are required","level":"error"}
{"message":"Title, instructions, ingredients and source are required","level":"error"}
{"message":"recipe with id 123456 not found","level":"error"}
{"message":"recipe with id 123456 not found","level":"error"}
{"message":"recipe with id 123456 not found","level":"error"}
{"message":"Title, instructions, ingredients and source are required","level":"error"}
{"message":"Title, instructions, ingredients and source are required","level":"error"}
{"message":"Title, instructions, ingredients and source are required","level":"error"}
{"message":"recipe with id 123456 not found","level":"error"}
{"message":"recipe with id 123456 not found","level":"error"}
{"message":"recipe with id 123456 not found","level":"error"}
{"message":"Title, instructions, ingredients and source are required","level":"error"}
{"message":"Title, instructions, ingredients and source are required","level":"error"}
{"message":"Title, instructions, ingredients and source are required","level":"error"}
{"message":"recipe with id 123456 not found","level":"error"}
{"message":"recipe with id 123456 not found","level":"error"}
{"message":"recipe with id 123456 not found","level":"error"}
{"message":"title, instructions, ingredients and source are required","level":"error"}
{"message":"title, instructions, ingredients and source are required","level":"error"}
{"message":"title, instructions, ingredients and source are required","level":"error"}
{"message":"recipe with id 123456 not found","level":"error"}
{"message":"recipe with id 123456 not found","level":"error"}
{"message":"recipe with id 123456 not found","level":"error"}
{"message":"title, instructions, ingredients and source are required","level":"error"}
{"message":"title, instructions, ingredients and source are required","level":"error"}
{"message":"note with id 1 has been created.","level":"info"}
{"message":"recipe with id 123456 not found","level":"error"}
{"message":"recipe with id 123456 not found","level":"error"}
{"message":"recipe with id 123456 not found","level":"error"}
{"message":"title, instructions, ingredients and source are required","level":"error"}
{"message":"title, instructions, ingredients and source are required","level":"error"}
{"message":"note with id 1 has been created.","level":"info"}
{"message":"recipe with id 123456 not found","level":"error"}
{"message":"recipe with id 123456 not found","level":"error"}
{"message":"recipe with id 123456 not found","level":"error"}
{"message":"title, instructions, ingredients and source are required","level":"error"}
{"message":"title, instructions, ingredients and source are required","level":"error"}
{"message":"note with id 1 has been created.","level":"info"}
{"message":"recipe with id 123456 not found","level":"error"}
{"message":"recipe with id 123456 not found","level":"error"}
{"message":"recipe with id 123456 not found","level":"error"}
{"message":"title, instructions, ingredients and source are required","level":"error"}
{"message":"title, instructions, ingredients and source are required","level":"error"}
{"message":"note with id 1 has been created.","level":"info"}
{"message":"recipe with id 123456 not found","level":"error"}
{"message":"recipe with id 123456 not found","level":"error"}
{"message":"recipe with id 123456 not found","level":"error"}
{"message":"recipe with id 123456 not found","level":"error"}
{"message":"note with id 1 has been created.","level":"info"}
{"message":"note with id 1 has been created.","level":"info"}
{"message":"note with id 1 has been created.","level":"info"}
{"message":"title, instructions, ingredients and source are required","level":"error"}
{"message":"title, instructions, ingredients and source are required","level":"error"}
{"message":"title, instructions, ingredients and source are required","level":"error"}
{"message":"title, instructions, ingredients and source are required","level":"error"}
{"message":"title, instructions, ingredients and source are required","level":"error"}
{"message":"title, instructions, ingredients and source are required","level":"error"}
{"message":"title, instructions, ingredients and source are required","level":"error"}
{"message":"title, instructions, ingredients and source are required","level":"error"}
{"message":"title, instructions, ingredients and source are required","level":"error"}
{"message":"title, instructions, ingredients and source are required","level":"error"}
{"message":"title, instructions, ingredients and source are required","level":"error"}
{"message":"title, instructions, ingredients and source are required","level":"error"}
{"message":"title, instructions, ingredients and source are required","level":"error"}
{"message":"title, instructions, ingredients and source are required","level":"error"}
{"message":"title, instructions, ingredients and source are required","level":"error"}
{"message":"title, instructions, ingredients and source are required","level":"error"}
{"message":"title, instructions, ingredients and source are required","level":"error"}
{"message":"title, instructions, ingredients and source are required","level":"error"}
{"message":"title, instructions, ingredients and source are required","level":"error"}
{"message":"title, instructions, ingredients and source are required","level":"error"}
{"message":"title, instructions, ingredients and source are required","level":"error"}
{"message":"title, instructions, ingredients and source are required","level":"error"}
{"message":"title, instructions, ingredients and source are required","level":"error"}
{"message":"title, instructions, ingredients and source are required","level":"error"}
{"message":"title, instructions, ingredients and source are required","level":"error"}
{"message":"title, instructions, ingredients and source are required","level":"error"}
{"message":"title, instructions, ingredients and source are required","level":"error"}
{"message":"title, instructions, ingredients and source are required","level":"error"}
{"message":"title, instructions, ingredients and source are required","level":"error"}
{"message":"title, instructions, ingredients and source are required","level":"error"}
{"message":"title, instructions, ingredients and source are required","level":"error"}
{"message":"title, instructions, ingredients and source are required","level":"error"}
{"message":"title, instructions, ingredients and source are required","level":"error"}
{"message":"title, instructions, ingredients and source are required","level":"error"}
{"message":"title, instructions, ingredients and source are required","level":"error"}
{"message":"title, instructions, ingredients and source are required","level":"error"}
{"message":"title, instructions, ingredients and source are required","level":"error"}
{"message":"title, instructions, ingredients and source are required","level":"error"}
{"message":"title, instructions, ingredients and source are required","level":"error"}
{"message":"title, instructions, ingredients and source are required","level":"error"}
{"message":"title, instructions, ingredients and source are required","level":"error"}
{"message":"title, instructions, ingredients and source are required","level":"error"}
{"message":"title, instructions, ingredients and source are required","level":"error"}
{"message":"note with id 1 has been created.","level":"info"}
{"message":"recipe with id 123456 not found","level":"error"}
{"message":"recipe with id 123456 not found","level":"error"}
{"message":"recipe with id 123456 not found","level":"error"}
{"message":"note with id 1 has been created.","level":"info"}
{"message":"title, instructions, ingredients and source are required","level":"error"}
{"message":"title, instructions, ingredients and source are required","level":"error"}
{"message":"title, instructions, ingredients and source are required","level":"error"}
{"message":"title, instructions, ingredients and source are required","level":"error"}
{"message":"note with id 1 has been created.","level":"info"}
{"message":"recipe with id 123456 not found","level":"error"}
{"message":"recipe with id 123456 not found","level":"error"}
{"message":"recipe with id 123456 not found","level":"error"}
{"message":"note with id 1 has been created.","level":"info"}
{"message":"title, instructions, ingredients and source are required","level":"error"}
{"message":"title, instructions, ingredients and source are required","level":"error"}
{"message":"title, instructions, ingredients and source are required","level":"error"}
{"message":"title, instructions, ingredients and source are required","level":"error"}
{"message":"note with id 1 has been created.","level":"info"}
{"message":"recipe with id 123456 not found","level":"error"}
{"message":"recipe with id 123456 not found","level":"error"}
{"message":"note with id 4 has been created.","level":"info"}
{"message":"recipe with id 4 deleted","level":"info"}
{"message":"recipe with id 123456 not found","level":"error"}
{"message":"note with id 1 has been created.","level":"info"}
{"message":"title, instructions, ingredients and source are required","level":"error"}
{"message":"title, instructions, ingredients and source are required","level":"error"}
{"message":"title, instructions, ingredients and source are required","level":"error"}
{"message":"title, instructions, ingredients and source are required","level":"error"}
{"message":"note with id 1 has been created.","level":"info"}
{"message":"recipe with id 123456 not found","level":"error"}
{"message":"recipe with id 123456 not found","level":"error"}
{"message":"note with id 4 has been created.","level":"info"}
{"message":"recipe with id 4 deleted","level":"info"}
